<?xml version="1.0" encoding="UTF-8" ?>
<testsuite tests="6" failures="0" name="lille.flopbox.api.AliasResourceTest" time="2.426" errors="0" skipped="0">
  <properties>
[...]
</properties>
  <testcase classname="lille.flopbox.api.AliasResourceTest" name="testDeleteAlias" time="1.713"/>
  <testcase classname="lille.flopbox.api.AliasResourceTest" name="testWithWrongAuthHeader" time="0.172"/>
  <testcase classname="lille.flopbox.api.AliasResourceTest" name="testCreateAlias" time="0.136"/>
  <testcase classname="lille.flopbox.api.AliasResourceTest" name="testWithCorrectAuthHeader" time="0.155"/>
  <testcase classname="lille.flopbox.api.AliasResourceTest" name="testModifAlias" time="0.126"/>
  <testcase classname="lille.flopbox.api.AliasResourceTest" name="testWithMissingAuthHeader" time="0.124"/>
</testsuite>