<?xml version="1.0" encoding="UTF-8" ?>
<testsuite tests="1" failures="0" name="lille.flopbox.api.MyResourceTest" time="0.729" errors="1" skipped="0">
  <properties>
[...]
</properties>
  <testcase classname="lille.flopbox.api.MyResourceTest" name="testGetIt" time="0.729">
    <error message="HTTP 404 Not Found" type="javax.ws.rs.NotFoundException">javax.ws.rs.NotFoundException: HTTP 404 Not Found
	at org.glassfish.jersey.client.JerseyInvocation.convertToException(JerseyInvocation.java:948)
	at org.glassfish.jersey.client.JerseyInvocation.translate(JerseyInvocation.java:755)
	at org.glassfish.jersey.client.JerseyInvocation.lambda$invoke$1(JerseyInvocation.java:675)
	at org.glassfish.jersey.client.JerseyInvocation.call(JerseyInvocation.java:697)
	at org.glassfish.jersey.client.JerseyInvocation.lambda$runInScope$3(JerseyInvocation.java:691)
	at org.glassfish.jersey.internal.Errors.process(Errors.java:292)
	at org.glassfish.jersey.internal.Errors.process(Errors.java:274)
	at org.glassfish.jersey.internal.Errors.process(Errors.java:205)
	at org.glassfish.jersey.process.internal.RequestScope.runInScope(RequestScope.java:390)
	at org.glassfish.jersey.client.JerseyInvocation.runInScope(JerseyInvocation.java:691)
	at org.glassfish.jersey.client.JerseyInvocation.invoke(JerseyInvocation.java:674)
	at org.glassfish.jersey.client.JerseyInvocation$Builder.method(JerseyInvocation.java:422)
	at org.glassfish.jersey.client.JerseyInvocation$Builder.get(JerseyInvocation.java:318)
	at lille.flopbox.api.MyResourceTest.testGetIt(MyResourceTest.java:45)
	at java.base/jdk.internal.reflect.NativeMethodAccessorImpl.invoke0(Native Method)
	at java.base/jdk.internal.reflect.NativeMethodAccessorImpl.invoke(NativeMethodAccessorImpl.java:62)
	at java.base/jdk.internal.reflect.DelegatingMethodAccessorImpl.invoke(DelegatingMethodAccessorImpl.java:43)
	at java.base/java.lang.reflect.Method.invoke(Method.java:566)
	at org.junit.runners.model.FrameworkMethod$1.runReflectiveCall(FrameworkMethod.java:50)
	at org.junit.internal.runners.model.ReflectiveCallable.run(ReflectiveCallable.java:12)
	at org.junit.runners.model.FrameworkMethod.invokeExplosively(FrameworkMethod.java:47)
	at org.junit.internal.runners.statements.InvokeMethod.evaluate(InvokeMethod.java:17)
	at org.junit.internal.runners.statements.RunBefores.evaluate(RunBefores.java:26)
	at org.junit.internal.runners.statements.RunAfters.evaluate(RunAfters.java:27)
	at org.junit.runners.ParentRunner.runLeaf(ParentRunner.java:325)
	at org.junit.runners.BlockJUnit4ClassRunner.runChild(BlockJUnit4ClassRunner.java:78)
	at org.junit.runners.BlockJUnit4ClassRunner.runChild(BlockJUnit4ClassRunner.java:57)
	at org.junit.runners.ParentRunner$3.run(ParentRunner.java:290)
	at org.junit.runners.ParentRunner$1.schedule(ParentRunner.java:71)
	at org.junit.runners.ParentRunner.runChildren(ParentRunner.java:288)
	at org.junit.runners.ParentRunner.access$000(ParentRunner.java:58)
	at org.junit.runners.ParentRunner$2.evaluate(ParentRunner.java:268)
	at org.junit.runners.ParentRunner.run(ParentRunner.java:363)
	at org.apache.maven.surefire.junit4.JUnit4Provider.execute(JUnit4Provider.java:252)
	at org.apache.maven.surefire.junit4.JUnit4Provider.executeTestSet(JUnit4Provider.java:141)
	at org.apache.maven.surefire.junit4.JUnit4Provider.invoke(JUnit4Provider.java:112)
	at java.base/jdk.internal.reflect.NativeMethodAccessorImpl.invoke0(Native Method)
	at java.base/jdk.internal.reflect.NativeMethodAccessorImpl.invoke(NativeMethodAccessorImpl.java:62)
	at java.base/jdk.internal.reflect.DelegatingMethodAccessorImpl.invoke(DelegatingMethodAccessorImpl.java:43)
	at java.base/java.lang.reflect.Method.invoke(Method.java:566)
	at org.apache.maven.surefire.util.ReflectionUtils.invokeMethodWithArray(ReflectionUtils.java:189)
	at org.apache.maven.surefire.booter.ProviderFactory$ProviderProxy.invoke(ProviderFactory.java:165)
	at org.apache.maven.surefire.booter.ProviderFactory.invokeProvider(ProviderFactory.java:85)
	at org.apache.maven.surefire.booter.ForkedBooter.runSuitesInProcess(ForkedBooter.java:115)
	at org.apache.maven.surefire.booter.ForkedBooter.main(ForkedBooter.java:75)
</error>
    <system-err>Mar 17, 2022 10:41:54 AM org.glassfish.jersey.message.internal.MessagingBinders$EnabledProvidersBinder bindToBinder
WARNING: A class javax.activation.DataSource for a default provider MessageBodyWriter&lt;javax.activation.DataSource&gt; was not found. The provider is not available.
Mar 17, 2022 10:41:54 AM org.glassfish.jersey.server.wadl.WadlFeature configure
WARNING: JAX-B API not found . WADL feature is disabled.
Mar 17, 2022 10:41:54 AM org.glassfish.grizzly.http.server.NetworkListener start
INFO: Started listener bound to [localhost:8080]
Mar 17, 2022 10:41:54 AM org.glassfish.grizzly.http.server.HttpServer start
INFO: [HttpServer] Started.
Mar 17, 2022 10:41:54 AM org.glassfish.jersey.message.internal.MessagingBinders$EnabledProvidersBinder bindToBinder
WARNING: A class javax.activation.DataSource for a default provider MessageBodyWriter&lt;javax.activation.DataSource&gt; was not found. The provider is not available.
Mar 17, 2022 10:41:54 AM org.glassfish.grizzly.http.server.NetworkListener shutdownNow
INFO: Stopped listener bound to [localhost:8080]
</system-err>
  </testcase>
</testsuite>